2026-03-31 17:47:18 - AvitoParser - WARNING - –Я–Њ–њ—Л—В–Ї–∞ 1 –љ–µ —Г–і–∞–ї–∞—Б—М: 404 Client Error: Not Found for url: https://www.avito.ru/%D0%A0%D0%BE%D1%81%D1%81%D0%B8%D1%8F/muzykalnye_instrumenty?q=%D1%81%D0%B8%D0%BD%D1%82%D0%B5%D0%B7%D0%B0%D1%82%D0%BE%D1%80%20
2026-03-31 17:47:20 - AvitoParser - WARNING - –Я–Њ–њ—Л—В–Ї–∞ 2 –љ–µ —Г–і–∞–ї–∞—Б—М: 404 Client Error: Not Found for url: https://www.avito.ru/%D0%A0%D0%BE%D1%81%D1%81%D0%B8%D1%8F/muzykalnye_instrumenty?q=%D1%81%D0%B8%D0%BD%D1%82%D0%B5%D0%B7%D0%B0%D1%82%D0%BE%D1%80%20
2026-03-31 17:47:23 - AvitoParser - WARNING - –Я–Њ–њ—Л—В–Ї–∞ 3 –љ–µ —Г–і–∞–ї–∞—Б—М: 404 Client Error: Not Found for url: https://www.avito.ru/%D0%A0%D0%BE%D1%81%D1%81%D0%B8%D1%8F/muzykalnye_instrumenty?q=%D1%81%D0%B8%D0%BD%D1%82%D0%B5%D0%B7%D0%B0%D1%82%D0%BE%D1%80%20
2026-03-31 17:47:23 - AvitoParser - ERROR - –Ю—И–Є–±–Ї–∞ –њ–∞—А—Б–Є–љ–≥–∞ Avito: 404 Client Error: Not Found for url: https://www.avito.ru/%D0%A0%D0%BE%D1%81%D1%81%D0%B8%D1%8F/muzykalnye_instrumenty?q=%D1%81%D0%B8%D0%BD%D1%82%D0%B5%D0%B7%D0%B0%D1%82%D0%BE%D1%80%20
2026-03-31 17:47:23 - AvitoParser - INFO - –Э–∞–є–і–µ–љ–Њ 0 –Њ–±—К—П–≤–ї–µ–љ–Є–є
2026-03-31 17:47:36 - AvitoParser - WARNING - –Я–Њ–њ—Л—В–Ї–∞ 1 –љ–µ —Г–і–∞–ї–∞—Б—М: 404 Client Error: Not Found for url: https://www.avito.ru/%D0%A0%D0%BE%D1%81%D1%81%D0%B8%D1%8F/muzykalnye_instrumenty?q=%D0%B1%D0%B0%D1%80%D0%B0%D0%B1%D0%B0%D0%BD
2026-03-31 17:47:36 - AvitoParser - WARNING - –Я–Њ–њ—Л—В–Ї–∞ 1 –љ–µ —Г–і–∞–ї–∞—Б—М: 404 Client Error: Not Found for url: https://www.avito.ru/%D0%A0%D0%BE%D1%81%D1%81%D0%B8%D1%8F/muzykalnye_instrumenty?q=%D0%B1%D0%B0%D1%80%D0%B0%D0%B1%D0%B0%D0%BD
2026-03-31 17:47:38 - AvitoParser - WARNING - –Я–Њ–њ—Л—В–Ї–∞ 2 –љ–µ —Г–і–∞–ї–∞—Б—М: 404 Client Error: Not Found for url: https://www.avito.ru/%D0%A0%D0%BE%D1%81%D1%81%D0%B8%D1%8F/muzykalnye_instrumenty?q=%D0%B1%D0%B0%D1%80%D0%B0%D0%B1%D0%B0%D0%BD
2026-03-31 17:47:38 - AvitoParser - WARNING - –Я–Њ–њ—Л—В–Ї–∞ 2 –љ–µ —Г–і–∞–ї–∞—Б—М: 404 Client Error: Not Found for url: https://www.avito.ru/%D0%A0%D0%BE%D1%81%D1%81%D0%B8%D1%8F/muzykalnye_instrumenty?q=%D0%B1%D0%B0%D1%80%D0%B0%D0%B1%D0%B0%D0%BD
2026-03-31 17:47:40 - AvitoParser - WARNING - –Я–Њ–њ—Л—В–Ї–∞ 3 –љ–µ —Г–і–∞–ї–∞—Б—М: 404 Client Error: Not Found for url: https://www.avito.ru/%D0%A0%D0%BE%D1%81%D1%81%D0%B8%D1%8F/muzykalnye_instrumenty?q=%D0%B1%D0%B0%D1%80%D0%B0%D0%B1%D0%B0%D0%BD
2026-03-31 17:47:40 - AvitoParser - WARNING - –Я–Њ–њ—Л—В–Ї–∞ 3 –љ–µ —Г–і–∞–ї–∞—Б—М: 404 Client Error: Not Found for url: https://www.avito.ru/%D0%A0%D0%BE%D1%81%D1%81%D0%B8%D1%8F/muzykalnye_instrumenty?q=%D0%B1%D0%B0%D1%80%D0%B0%D0%B1%D0%B0%D0%BD
2026-03-31 17:47:40 - AvitoParser - ERROR - –Ю—И–Є–±–Ї–∞ –њ–∞—А—Б–Є–љ–≥–∞ Avito: 404 Client Error: Not Found for url: https://www.avito.ru/%D0%A0%D0%BE%D1%81%D1%81%D0%B8%D1%8F/muzykalnye_instrumenty?q=%D0%B1%D0%B0%D1%80%D0%B0%D0%B1%D0%B0%D0%BD
2026-03-31 17:47:40 - AvitoParser - ERROR - –Ю—И–Є–±–Ї–∞ –њ–∞—А—Б–Є–љ–≥–∞ Avito: 404 Client Error: Not Found for url: https://www.avito.ru/%D0%A0%D0%BE%D1%81%D1%81%D0%B8%D1%8F/muzykalnye_instrumenty?q=%D0%B1%D0%B0%D1%80%D0%B0%D0%B1%D0%B0%D0%BD
2026-03-31 17:47:40 - AvitoParser - INFO - –Э–∞–є–і–µ–љ–Њ 0 –Њ–±—К—П–≤–ї–µ–љ–Є–є
2026-03-31 17:47:40 - AvitoParser - INFO - –Э–∞–є–і–µ–љ–Њ 0 –Њ–±—К—П–≤–ї–µ–љ–Є–є
2026-03-31 18:15:32 - AvitoParser - WARNING - –Я–Њ–њ—Л—В–Ї–∞ 1 –љ–µ —Г–і–∞–ї–∞—Б—М: 404 Client Error: Not Found for url: https://www.avito.ru/%D0%A0%D0%BE%D1%81%D1%81%D0%B8%D1%8F/muzykalnye_instrumenty?q=%D0%BC%D0%BE%D0%B4%D1%83%D0%BB%D1%8C%D0%BD%D1%8B%D0%B9%20%D1%81%D0%B8%D0%BD%D1%82%D0%B5%D0%B7%D0%B0%D1%82%D0%BE%D1%80
2026-03-31 18:15:34 - AvitoParser - WARNING - –Я–Њ–њ—Л—В–Ї–∞ 2 –љ–µ —Г–і–∞–ї–∞—Б—М: 404 Client Error: Not Found for url: https://www.avito.ru/%D0%A0%D0%BE%D1%81%D1%81%D0%B8%D1%8F/muzykalnye_instrumenty?q=%D0%BC%D0%BE%D0%B4%D1%83%D0%BB%D1%8C%D0%BD%D1%8B%D0%B9%20%D1%81%D0%B8%D0%BD%D1%82%D0%B5%D0%B7%D0%B0%D1%82%D0%BE%D1%80
2026-03-31 18:15:36 - AvitoParser - WARNING - –Я–Њ–њ—Л—В–Ї–∞ 3 –љ–µ —Г–і–∞–ї–∞—Б—М: 404 Client Error: Not Found for url: https://www.avito.ru/%D0%A0%D0%BE%D1%81%D1%81%D0%B8%D1%8F/muzykalnye_instrumenty?q=%D0%BC%D0%BE%D0%B4%D1%83%D0%BB%D1%8C%D0%BD%D1%8B%D0%B9%20%D1%81%D0%B8%D0%BD%D1%82%D0%B5%D0%B7%D0%B0%D1%82%D0%BE%D1%80
2026-03-31 18:15:36 - AvitoParser - ERROR - –Ю—И–Є–±–Ї–∞ –њ–∞—А—Б–Є–љ–≥–∞ Avito: 404 Client Error: Not Found for url: https://www.avito.ru/%D0%A0%D0%BE%D1%81%D1%81%D0%B8%D1%8F/muzykalnye_instrumenty?q=%D0%BC%D0%BE%D0%B4%D1%83%D0%BB%D1%8C%D0%BD%D1%8B%D0%B9%20%D1%81%D0%B8%D0%BD%D1%82%D0%B5%D0%B7%D0%B0%D1%82%D0%BE%D1%80
2026-03-31 18:15:36 - AvitoParser - INFO - –Э–∞–є–і–µ–љ–Њ 0 –Њ–±—К—П–≤–ї–µ–љ–Є–є
2026-03-31 18:20:12 - AvitoParser - WARNING - –Я–Њ–њ—Л—В–Ї–∞ 1 –љ–µ —Г–і–∞–ї–∞—Б—М: 404 Client Error: Not Found for url: https://www.avito.ru/%D0%A0%D0%BE%D1%81%D1%81%D0%B8%D1%8F/muzykalnye_instrumenty?q=%D1%81%D0%B8%D0%BD%D1%82%D0%B5%D0%B7%D0%B0%D1%82%D0%BE%D1%80
2026-03-31 18:20:14 - AvitoParser - WARNING - –Я–Њ–њ—Л—В–Ї–∞ 2 –љ–µ —Г–і–∞–ї–∞—Б—М: 404 Client Error: Not Found for url: https://www.avito.ru/%D0%A0%D0%BE%D1%81%D1%81%D0%B8%D1%8F/muzykalnye_instrumenty?q=%D1%81%D0%B8%D0%BD%D1%82%D0%B5%D0%B7%D0%B0%D1%82%D0%BE%D1%80
2026-03-31 18:20:16 - AvitoParser - WARNING - –Я–Њ–њ—Л—В–Ї–∞ 3 –љ–µ —Г–і–∞–ї–∞—Б—М: 404 Client Error: Not Found for url: https://www.avito.ru/%D0%A0%D0%BE%D1%81%D1%81%D0%B8%D1%8F/muzykalnye_instrumenty?q=%D1%81%D0%B8%D0%BD%D1%82%D0%B5%D0%B7%D0%B0%D1%82%D0%BE%D1%80
2026-03-31 18:44:05 - AvitoParser - WARNING - –Я–Њ–њ—Л—В–Ї–∞ 1 –љ–µ —Г–і–∞–ї–∞—Б—М: HTTPSConnectionPool(host='www.avito.ru', port=443): Max retries exceeded with url: /%D0%A0%D0%BE%D1%81%D1%81%D0%B8%D1%8F/muzykalnye_instrumenty?q=%D1%81%D0%B8%D0%BD%D1%82%D0%B5%D0%B7%D0%B0%D1%82%D0%BE%D1%80 (Caused by ConnectTimeoutError(<HTTPSConnection(host='www.avito.ru', port=443) at 0x22e78ad9160>, 'Connection to www.avito.ru timed out. (connect timeout=30)'))
2026-03-31 18:44:29 - AvitoParser - WARNING - –Я–Њ–њ—Л—В–Ї–∞ 2 –љ–µ —Г–і–∞–ї–∞—Б—М: 404 Client Error: Not Found for url: https://www.avito.ru/%D0%A0%D0%BE%D1%81%D1%81%D0%B8%D1%8F/muzykalnye_instrumenty?q=%D1%81%D0%B8%D0%BD%D1%82%D0%B5%D0%B7%D0%B0%D1%82%D0%BE%D1%80
2026-03-31 18:44:31 - AvitoParser - WARNING - –Я–Њ–њ—Л—В–Ї–∞ 3 –љ–µ —Г–і–∞–ї–∞—Б—М: 404 Client Error: Not Found for url: https://www.avito.ru/%D0%A0%D0%BE%D1%81%D1%81%D0%B8%D1%8F/muzykalnye_instrumenty?q=%D1%81%D0%B8%D0%BD%D1%82%D0%B5%D0%B7%D0%B0%D1%82%D0%BE%D1%80
